2020-12-24 11:35:58,584 INFO  P.p.PengenkerjoApplication - Starting PengenkerjoApplication using Java 11.0.9.1 on pujiono with PID 10789 (/home/pujiono/Documents/praxis_academy/novice/02-05/pengenkerjo/target/classes started by pujiono in /home/pujiono/Documents/praxis_academy/novice/02-05/pengenkerjo) 
2020-12-24 11:35:58,591 INFO  P.p.PengenkerjoApplication - No active profile set, falling back to default profiles: default 
2020-12-24 11:36:00,632 INFO  o.s.d.r.c.RepositoryConfigurationDelegate - Bootstrapping Spring Data JPA repositories in DEFAULT mode. 
2020-12-24 11:36:00,870 INFO  o.s.d.r.c.RepositoryConfigurationDelegate - Finished Spring Data repository scanning in 205 ms. Found 1 JPA repository interfaces. 
2020-12-24 11:36:02,333 INFO  o.s.b.w.e.tomcat.TomcatWebServer - Tomcat initialized with port(s): 10001 (http) 
2020-12-24 11:36:02,365 INFO  o.a.coyote.http11.Http11NioProtocol - Initializing ProtocolHandler ["http-nio-10001"] 
2020-12-24 11:36:02,366 INFO  o.a.catalina.core.StandardService - Starting service [Tomcat] 
2020-12-24 11:36:02,367 INFO  o.a.catalina.core.StandardEngine - Starting Servlet engine: [Apache Tomcat/9.0.41] 
2020-12-24 11:36:02,652 INFO  o.a.c.c.C.[Tomcat].[localhost].[/] - Initializing Spring embedded WebApplicationContext 
2020-12-24 11:36:02,654 INFO  o.s.b.w.s.c.ServletWebServerApplicationContext - Root WebApplicationContext: initialization completed in 3888 ms 
2020-12-24 11:36:02,810 WARN  o.s.b.w.s.c.AnnotationConfigServletWebServerApplicationContext - Exception encountered during context initialization - cancelling refresh attempt: org.springframework.beans.factory.UnsatisfiedDependencyException: Error creating bean with name 'org.springframework.boot.autoconfigure.orm.jpa.HibernateJpaConfiguration': Unsatisfied dependency expressed through constructor parameter 0; nested exception is org.springframework.beans.factory.BeanCreationException: Error creating bean with name 'dataSource' defined in class path resource [org/springframework/boot/autoconfigure/jdbc/DataSourceConfiguration$Hikari.class]: Bean instantiation via factory method failed; nested exception is org.springframework.beans.BeanInstantiationException: Failed to instantiate [com.zaxxer.hikari.HikariDataSource]: Factory method 'dataSource' threw exception; nested exception is org.springframework.boot.autoconfigure.jdbc.DataSourceProperties$DataSourceBeanCreationException: Failed to determine a suitable driver class 
2020-12-24 11:36:02,816 INFO  o.a.catalina.core.StandardService - Stopping service [Tomcat] 
2020-12-24 11:36:02,922 INFO  o.s.b.a.l.ConditionEvaluationReportLoggingListener - 

Error starting ApplicationContext. To display the conditions report re-run your application with 'debug' enabled. 
2020-12-24 11:36:02,980 ERROR o.s.b.d.LoggingFailureAnalysisReporter - 

***************************
APPLICATION FAILED TO START
***************************

Description:

Failed to configure a DataSource: 'url' attribute is not specified and no embedded datasource could be configured.

Reason: Failed to determine a suitable driver class


Action:

Consider the following:
	If you want an embedded database (H2, HSQL or Derby), please put it on the classpath.
	If you have database settings to be loaded from a particular profile you may need to activate it (no profiles are currently active).
 
